{"/home/wangding/grunt-demo/app.js":{"path":"/home/wangding/grunt-demo/app.js","s":{"1":1,"2":1,"3":1},"b":{"1":[1,1],"2":[1,1]},"f":{},"fnMap":{},"statementMap":{"1":{"start":{"line":2,"column":0},"end":{"line":2,"column":26}},"2":{"start":{"line":3,"column":0},"end":{"line":4,"column":28}},"3":{"start":{"line":6,"column":0},"end":{"line":6,"column":36}}},"branchMap":{"1":{"line":3,"type":"binary-expr","locations":[{"start":{"line":3,"column":8},"end":{"line":3,"column":23}},{"start":{"line":3,"column":27},"end":{"line":3,"column":28}}]},"2":{"line":4,"type":"binary-expr","locations":[{"start":{"line":4,"column":7},"end":{"line":4,"column":22}},{"start":{"line":4,"column":26},"end":{"line":4,"column":27}}]}}},"/home/wangding/grunt-demo/sum.js":{"path":"/home/wangding/grunt-demo/sum.js","s":{"1":1,"2":1,"3":1},"b":{},"f":{"1":1},"fnMap":{"1":{"name":"add","line":1,"loc":{"start":{"line":1,"column":0},"end":{"line":2,"column":0}}}},"statementMap":{"1":{"start":{"line":1,"column":0},"end":{"line":4,"column":1}},"2":{"start":{"line":3,"column":2},"end":{"line":3,"column":31}},"3":{"start":{"line":6,"column":0},"end":{"line":6,"column":19}}},"branchMap":{}}}